[2025-07-21T17:35:24.406] [INFO] default - Loading file: [../data/] into collection: [faq]
[2025-07-21T17:35:24.407] [INFO] default - Connecting to vectorStore: [http://localhost:6333] - Collection: [faq]
[2025-07-21T17:35:24.416] [INFO] default - Connected to vectorStore
[2025-07-21T17:35:24.416] [INFO] default - Loading LlamaParse
[2025-07-21T17:36:30.801] [INFO] default - Loading file: [../data/] into collection: [faq]
[2025-07-21T17:36:30.802] [INFO] default - Connecting to vectorStore: [http://localhost:6333] - Collection: [faq]
[2025-07-21T17:36:30.808] [INFO] default - Connected to vectorStore
[2025-07-21T17:36:30.809] [INFO] default - Loading LlamaParse
[2025-07-21T17:36:52.899] [INFO] default - Loading file: [../data/] into collection: [faq]
[2025-07-21T17:36:52.900] [INFO] default - Connecting to vectorStore: [http://localhost:6333] - Collection: [faq]
[2025-07-21T17:36:52.906] [INFO] default - Connected to vectorStore
[2025-07-21T17:36:52.907] [INFO] default - Loading LlamaParse
[2025-07-21T17:36:52.907] [INFO] default - Loading data from [../data/]
[2025-07-21T17:37:21.549] [INFO] default - Loading file: [data/] into collection: [faq]
[2025-07-21T17:37:21.550] [INFO] default - Connecting to vectorStore: [http://localhost:6333] - Collection: [faq]
[2025-07-21T17:37:21.556] [INFO] default - Connected to vectorStore
[2025-07-21T17:37:21.557] [INFO] default - Loading LlamaParse
[2025-07-21T17:37:21.557] [INFO] default - Loading data from [data/]
[2025-07-21T17:37:21.557] [INFO] default - Loading storage context
[2025-07-21T17:37:21.558] [INFO] default - Split text and create embeddings. Store them in a VectorStoreIndex
[2025-07-21T17:38:01.289] [INFO] default - Loading file: [data/] into collection: [faq]
[2025-07-21T17:38:01.291] [INFO] default - Connecting to vectorStore: [http://localhost:6333] - Collection: [faq]
[2025-07-21T17:38:01.298] [INFO] default - Connected to vectorStore
[2025-07-21T17:38:01.299] [INFO] default - Loading LlamaParse
[2025-07-21T17:38:01.299] [INFO] default - Loading data from [data/]
[2025-07-21T17:38:01.596] [INFO] default - Loading storage context
[2025-07-21T17:38:01.597] [INFO] default - Split text and create embeddings. Store them in a VectorStoreIndex
[2025-07-21T17:39:48.565] [INFO] default - Loading file: [data/] into collection: [faq]
[2025-07-21T17:39:48.566] [INFO] default - Connecting to vectorStore: [http://localhost:6333] - Collection: [faq]
[2025-07-21T17:39:48.572] [INFO] default - Connected to vectorStore
[2025-07-21T17:39:48.573] [INFO] default - Loading LlamaParse
[2025-07-21T17:39:48.573] [INFO] default - Loading data from [data/]
[2025-07-21T17:39:48.863] [INFO] default - Loading storage context
[2025-07-21T17:39:48.864] [INFO] default - Split text and create embeddings. Store them in a VectorStoreIndex
[2025-07-21T17:41:31.784] [INFO] default - Loading file: [data/] into collection: [faq]
[2025-07-21T17:41:31.785] [INFO] default - Connecting to vectorStore: [http://localhost:6333] - Collection: [faq]
[2025-07-21T17:41:31.791] [INFO] default - Connected to vectorStore
[2025-07-21T17:41:31.792] [INFO] default - Loading LlamaParse
[2025-07-21T17:41:31.792] [INFO] default - Loading data from [data/]
[2025-07-21T17:41:32.073] [INFO] default - Loading storage context
[2025-07-21T17:41:32.074] [INFO] default - Split text and create embeddings. Store them in a VectorStoreIndex
[2025-07-21T23:10:04.408] [INFO] default - Loading file: [data/] into collection: [faq]
[2025-07-21T23:10:04.409] [INFO] default - Connecting to database: 23ai - testvector23ai_high
[2025-07-21T23:10:05.864] [INFO] default - Connected to Oracle Autonomous DB!
[2025-07-21T23:10:05.869] [INFO] default - Loading LlamaParse
[2025-07-21T23:10:05.870] [INFO] default - Loading data from [data/]
[2025-07-21T23:10:06.167] [INFO] default - Loading storage context
[2025-07-21T23:10:06.167] [INFO] default - Split text and create embeddings. Store them in a VectorStoreIndex
